<?xml version="1.0" encoding="UTF-8"?>
<testsuite xmlns:xsi="http://www.w3.org/2001/XMLSchema-instance" xsi:noNamespaceSchemaLocation="https://maven.apache.org/surefire/maven-surefire-plugin/xsd/surefire-test-report-3.0.xsd" version="3.0" name="ru.productstar.testrunners.TransportationTest" time="0.187" tests="8" errors="0" skipped="0" failures="0">
  <properties>
[...]
</properties>
  <testcase name="illegalDistance" classname="ru.productstar.testrunners.TransportationTest" time="0.019">
    <system-err><![CDATA[SLF4J(W): No SLF4J providers were found.
SLF4J(W): Defaulting to no-operation (NOP) logger implementation
SLF4J(W): See https://www.slf4j.org/codes.html#noProviders for further details.
]]></system-err>
  </testcase>
  <testcase name="TransitServiceWorkloadCheckFactor" classname="ru.productstar.testrunners.TransportationTest" time="0.003"/>
  <testcase name="movingFragileFaraway" classname="ru.productstar.testrunners.TransportationTest" time="0.001"/>
  <testcase name="calcPriceTransportation(Transportation, float)[1]" classname="ru.productstar.testrunners.TransportationTest" time="0.009"/>
  <testcase name="calcPriceTransportation(Transportation, float)[2]" classname="ru.productstar.testrunners.TransportationTest" time="0.001"/>
  <testcase name="calcPriceTransportation(Transportation, float)[3]" classname="ru.productstar.testrunners.TransportationTest" time="0.001"/>
  <testcase name="calcPriceTransportation(Transportation, float)[4]" classname="ru.productstar.testrunners.TransportationTest" time="0.0"/>
  <testcase name="calcPriceTransportation(Transportation, float)[5]" classname="ru.productstar.testrunners.TransportationTest" time="0.0"/>
</testsuite>